加载 60 个历史事件

================================================================================
阈值       命中率        选择性准确率          跳过率        综合得分      
================================================================================
0.40     53.3%      40.0%  (30/60) 50.0%      32.7      
0.45     56.7%      42.9%  (28/60) 53.3%      34.3      
0.50     61.7%      48.0%  (25/60) 58.3%      36.8      
0.55     61.7%      47.6%  (21/60) 65.0%      36.8      
0.60     58.3%      41.2%  (17/60) 71.7%      35.2      
0.65     61.7%      40.0%  ( 5/60) 91.7%      36.8      
0.70     61.7%      33.3%  ( 3/60) 95.0%      36.8      

================================================================================
分析结果
================================================================================

最高命中率: 0.50 → 61.7%
最高综合得分: 0.50 → 36.8
Traceback (most recent call last):
  File "d:\AIProjects\MarketRadar\scripts\test_confidence_thresholds.py", line 68, in <module>
    print(f"\n\u26a0\ufe0f  未达到 70% 准入标准")
UnicodeEncodeError: 'gbk' codec can't encode character '\u26a0' in position 2: illegal multibyte sequence
