加载 60 个历史事件

================================================================================
整体统计
================================================================================
总事件数: 60
方向命中: 37
方向错误: 23
跳过事件: 34

================================================================================
Miss Patterns 分析
================================================================================

错误分类统计 (共 23 个):
  NEUTRAL  -> BEARISH :  7 次 (30.4%)
  BEARISH  -> NEUTRAL :  7 次 (30.4%)
  NEUTRAL  -> BULLISH :  5 次 (21.7%)
  BULLISH  -> NEUTRAL :  3 次 (13.0%)
  BEARISH  -> BULLISH :  1 次 (4.3%)

================================================================================
按实际方向分组分析
================================================================================

BULLISH:
  总数: 13, 正确: 10, 错误: 3
  准确率: 76.9%
  错误案例:
    2024-11-21 预测:NEUTRAL  实际涨跌:+3.3% | 沪深300ETF 5日涨跌幅+3.3%
    2024-11-22 预测:NEUTRAL  实际涨跌:+3.0% | 沪深300ETF 5日涨跌幅+3.0%
    2025-01-23 预测:NEUTRAL  实际涨跌:+4.0% | 沪深300ETF 5日涨跌幅+4.0%

NEUTRAL:
  总数: 37, 正确: 25, 错误: 12
  准确率: 67.6%
  错误案例:
    2024-07-22 预测:BULLISH  实际涨跌:+0.5% | 三中全会召开，改革预期升温
    2024-08-05 预测:BEARISH  实际涨跌:+1.8% | 全球恐慌抛售，日股熔断传导A股
    2024-10-16 预测:BEARISH  实际涨跌:+2.9% | 沪深300ETF 日常行情
    2024-10-17 预测:BEARISH  实际涨跌:+2.8% | 沪深300ETF 日常行情
    2024-11-08 预测:BULLISH  实际涨跌:+0.8% | 人大常委会审批化债方案，规模超预期

BEARISH:
  总数: 10, 正确: 2, 错误: 8
  准确率: 20.0%
  错误案例:
    2024-09-30 预测:BULLISH  实际涨跌:-5.6% | 牛市情绪爆发，两市成交破万亿
    2024-11-12 预测:NEUTRAL  实际涨跌:-3.3% | 沪深300ETF 5日涨跌幅-3.3%
    2024-11-13 预测:NEUTRAL  实际涨跌:-4.1% | 沪深300ETF 5日涨跌幅-4.1%
    2024-11-14 预测:NEUTRAL  实际涨跌:-4.8% | 沪深300ETF 5日涨跌幅-4.8%
    2024-11-15 预测:NEUTRAL  实际涨跌:-4.3% | 沪深300ETF 5日涨跌幅-4.3%

================================================================================
价格幅度与错误率分析
================================================================================
Traceback (most recent call last):
  File "D:\AIProjects\MarketRadar\scripts\analyze_miss_patterns.py", line 124, in <module>
    price_buckets['中跌(-5~-8%)'].append(match)
KeyError: '中跌(-5~-8%)'
